0 info it worked if it ends with ok
1 verbose cli [ 'C:\\Program Files\\nodejs\\node.exe',
1 verbose cli   'C:\\Program Files\\nodejs\\node_modules\\npm\\bin\\npm-cli.js',
1 verbose cli   'run',
1 verbose cli   'dev' ]
2 info using npm@3.10.10
3 info using node@v6.10.0
4 verbose run-script [ 'predev', 'dev', 'postdev' ]
5 info lifecycle @0.1.0~predev: @0.1.0
6 silly lifecycle @0.1.0~predev: no script for predev, continuing
7 info lifecycle @0.1.0~dev: @0.1.0
8 verbose lifecycle @0.1.0~dev: unsafe-perm in lifecycle true
9 verbose lifecycle @0.1.0~dev: PATH: C:\Program Files\nodejs\node_modules\npm\bin\node-gyp-bin;D:\code\qianniu\qianniu-seed-project\node_modules\.bin;C:\ProgramData\Oracle\Java\javapath;C:\WINDOWS\system32;C:\WINDOWS;C:\WINDOWS\System32\Wbem;C:\WINDOWS\System32\WindowsPowerShell\v1.0\;C:\Program Files\Java\jdk1.8.0_91\bin;C:\Users\Asus\AppData\Local\Android\sdk\tools;C:\Program Files\nodejs\;C:\Users\Asus\AppData\Local\Android\sdk\platform-tools;C:\Program Files\Git\cmd;C:\Program Files\Android\Android Studio\gradle-3.4.1\bin;C:\ProgramData\Oracle\Java\javapath;C:\WINDOWS\system32;C:\WINDOWS;C:\WINDOWS\System32\Wbem;C:\WINDOWS\System32\WindowsPowerShell\v1.0\;C:\Program Files\Java\jdk1.8.0_91\bin;C:\Users\Asus\AppData\Local\Android\sdk\tools;C:\Program Files\nodejs\;C:\Users\Asus\AppData\Local\Android\sdk\platform-tools;C:\Program Files\Git\cmd;C:\Program Files\Android\Android Studio\gradle-3.4.1\bin;C:\Users\Asus\AppData\Local\Microsoft\WindowsApps;C:\Program Files (x86)\Microsoft VS Code\bin;C:\Users\Asus\AppData\Roaming\npm;C:\Program Files\Android\Android Studio\gradle\gradle-2.10\bin;D:\code\flutter\flutter\bin
10 verbose lifecycle @0.1.0~dev: CWD: D:\code\qianniu\qianniu-seed-project
11 silly lifecycle @0.1.0~dev: Args: [ '/d /s /c', 'qap debug --host 192.168.1.105' ]
12 silly lifecycle @0.1.0~dev: Returned: code: 3221225786  signal: null
13 info lifecycle @0.1.0~dev: Failed to exec dev script
14 verbose stack Error: @0.1.0 dev: `qap debug --host 192.168.1.105`
14 verbose stack Exit status 3221225786
14 verbose stack     at EventEmitter.<anonymous> (C:\Program Files\nodejs\node_modules\npm\lib\utils\lifecycle.js:255:16)
14 verbose stack     at emitTwo (events.js:106:13)
14 verbose stack     at EventEmitter.emit (events.js:191:7)
14 verbose stack     at ChildProcess.<anonymous> (C:\Program Files\nodejs\node_modules\npm\lib\utils\spawn.js:40:14)
14 verbose stack     at emitTwo (events.js:106:13)
14 verbose stack     at ChildProcess.emit (events.js:191:7)
14 verbose stack     at maybeClose (internal/child_process.js:877:16)
14 verbose stack     at Process.ChildProcess._handle.onexit (internal/child_process.js:226:5)
15 verbose pkgid @0.1.0
16 verbose cwd D:\code\qianniu\qianniu-seed-project
17 error Windows_NT 10.0.14393
18 error argv "C:\\Program Files\\nodejs\\node.exe" "C:\\Program Files\\nodejs\\node_modules\\npm\\bin\\npm-cli.js" "run" "dev"
19 error node v6.10.0
20 error npm  v3.10.10
21 error code ELIFECYCLE
22 error @0.1.0 dev: `qap debug --host 192.168.1.105`
22 error Exit status 3221225786
23 error Failed at the @0.1.0 dev script 'qap debug --host 192.168.1.105'.
23 error Make sure you have the latest version of node.js and npm installed.
23 error If you do, this is most likely a problem with the  package,
23 error not with npm itself.
23 error Tell the author that this fails on your system:
23 error     qap debug --host 192.168.1.105
23 error You can get information on how to open an issue for this project with:
23 error     npm bugs
23 error Or if that isn't available, you can get their info via:
23 error     npm owner ls
23 error There is likely additional logging output above.
24 verbose exit [ 1, true ]
